#
# There is insufficient memory for the Java Runtime Environment to continue.
# Native memory allocation (malloc) failed to allocate 641616 bytes for Chunk::new
# Possible reasons:
#   The system is out of physical RAM or swap space
#   In 32 bit mode, the process size limit was hit
# Possible solutions:
#   Reduce memory load on the system
#   Increase physical memory or swap space
#   Check if swap backing store is full
#   Use 64 bit Java on a 64 bit OS
#   Decrease Java heap size (-Xmx/-Xms)
#   Decrease number of Java threads
#   Decrease Java thread stack sizes (-Xss)
#   Set larger code cache with -XX:ReservedCodeCacheSize=
# This output file may be truncated or incomplete.
#
#  Out of Memory Error (allocation.cpp:390), pid=2968, tid=1776
#
# JRE version: Java(TM) SE Runtime Environment (8.0_25-b18) (build 1.8.0_25-b18)
# Java VM: Java HotSpot(TM) 64-Bit Server VM (25.25-b02 mixed mode windows-amd64 compressed oops)
# Failed to write core dump. Minidumps are not enabled by default on client versions of Windows
#

---------------  T H R E A D  ---------------

Current thread (0x0000000058703800):  JavaThread "C2 CompilerThread0" daemon [_thread_in_native, id=1776, stack(0x0000000059020000,0x0000000059120000)]

Stack: [0x0000000059020000,0x0000000059120000]
Native frames: (J=compiled Java code, j=interpreted, Vv=VM code, C=native code)
V  [jvm.dll+0x31667a]


Current CompileTask:
C2:   4071  861       4       java.io.BufferedReader::fill (170 bytes)


---------------  P R O C E S S  ---------------

Java Threads: ( => current thread )
  0x000000005982d000 JavaThread "Java2D Disposer" daemon [_thread_blocked, id=1220, stack(0x000000005a030000,0x000000005a130000)]
  0x0000000058787800 JavaThread "Service Thread" daemon [_thread_blocked, id=8672, stack(0x0000000059380000,0x0000000059480000)]
  0x00000000573d6000 JavaThread "C1 CompilerThread2" daemon [_thread_blocked, id=7004, stack(0x0000000058b20000,0x0000000058c20000)]
  0x000000005870a800 JavaThread "C2 CompilerThread1" daemon [_thread_in_native, id=9632, stack(0x0000000059250000,0x0000000059350000)]
=>0x0000000058703800 JavaThread "C2 CompilerThread0" daemon [_thread_in_native, id=1776, stack(0x0000000059020000,0x0000000059120000)]
  0x0000000058700800 JavaThread "Attach Listener" daemon [_thread_blocked, id=8972, stack(0x0000000058e70000,0x0000000058f70000)]
  0x00000000573d2800 JavaThread "Signal Dispatcher" daemon [_thread_blocked, id=10052, stack(0x0000000058c40000,0x0000000058d40000)]
  0x0000000057376000 JavaThread "Finalizer" daemon [_thread_blocked, id=12108, stack(0x00000000584c0000,0x00000000585c0000)]
  0x000000005736d000 JavaThread "Reference Handler" daemon [_thread_blocked, id=10652, stack(0x0000000058600000,0x0000000058700000)]
  0x000000000228f800 JavaThread "main" [_thread_blocked, id=10436, stack(0x00000000024a0000,0x00000000025a0000)]

Other Threads:
  0x0000000057367800 VMThread [stack: 0x0000000058320000,0x0000000058420000] [id=12988]
  0x000000005878b000 WatcherThread [stack: 0x00000000594f0000,0x00000000595f0000] [id=11040]

VM state:not at safepoint (normal execution)

VM Mutex/Monitor currently owned by a thread: None

Heap:
 PSYoungGen      total 460800K, used 260050K [0x00000000d6c00000, 0x00000000f5200000, 0x0000000100000000)
  eden space 444928K, 54% used [0x00000000d6c00000,0x00000000e5a74a40,0x00000000f1e80000)
  from space 15872K, 100% used [0x00000000f3480000,0x00000000f4400000,0x00000000f4400000)
  to   space 22528K, 0% used [0x00000000f1e80000,0x00000000f1e80000,0x00000000f3480000)
 ParOldGen       total 81920K, used 30142K [0x0000000084400000, 0x0000000089400000, 0x00000000d6c00000)
  object space 81920K, 36% used [0x0000000084400000,0x000000008616fa30,0x0000000089400000)
 Metaspace       used 8324K, capacity 8442K, committed 8704K, reserved 1056768K
  class space    used 907K, capacity 951K, committed 1024K, reserved 1048576K

Card table byte_map: [0x0000000011c30000,0x0000000012010000] byte_map_base: 0x000000001180e000

Marking Bits: (ParMarkBitMap*) 0x000000006728d490
 Begin Bits: [0x0000000012820000, 0x0000000014710000)
 End Bits:   [0x0000000014710000, 0x0000000016600000)

Polling page: 0x0000000000350000

CodeCache: size=245760Kb used=3592Kb max_used=3605Kb free=242167Kb
 bounds [0x0000000002870000, 0x0000000002c00000, 0x0000000011870000]
 total_blobs=1276 nmethods=863 adapters=327
 compilation: enabled

Compilation events (10 events):
Event: 3.529 Thread 0x000000005870a800  858       4       java.util.regex.Pattern::sequence (553 bytes)
Event: 3.538 Thread 0x000000005870a800 nmethod 858 0x0000000002befd10 code [0x0000000002beff80, 0x0000000002bf0690]
Event: 3.709 Thread 0x0000000058703800  859       4       java.util.regex.Pattern::clazz (405 bytes)
Event: 3.737 Thread 0x0000000058703800 nmethod 859 0x0000000002bf3e50 code [0x0000000002bf4220, 0x0000000002bf5948]
Event: 3.814 Thread 0x000000005870a800  860  s    4       java.lang.StringBuffer::toString (36 bytes)
Event: 3.819 Thread 0x000000005870a800 nmethod 860 0x0000000002be7550 code [0x0000000002be76a0, 0x0000000002be7bf8]
Event: 3.953 Thread 0x0000000058703800  861       4       java.io.BufferedReader::fill (170 bytes)
Event: 3.998 Thread 0x000000005870a800  862       4       java.io.FileInputStream::read (8 bytes)
Event: 3.999 Thread 0x000000005870a800 nmethod 862 0x0000000002bd9c10 code [0x0000000002bd9d60, 0x0000000002bd9dc8]
Event: 4.026 Thread 0x000000005870a800  863       4       java.io.InputStreamReader::read (11 bytes)

GC Heap History (10 events):
Event: 2.336 GC heap before
{Heap before GC invocations=7 (full 1):
 PSYoungGen      total 132096K, used 131380K [0x00000000d6c00000, 0x00000000e4c00000, 0x0000000100000000)
  eden space 126976K, 100% used [0x00000000d6c00000,0x00000000de800000,0x00000000de800000)
  from space 5120K, 86% used [0x00000000de800000,0x00000000dec4d380,0x00000000ded00000)
  to   space 5120K, 0% used [0x00000000e4700000,0x00000000e4700000,0x00000000e4c00000)
 ParOldGen       total 81920K, used 8238K [0x0000000084400000, 0x0000000089400000, 0x00000000d6c00000)
  object space 81920K, 10% used [0x0000000084400000,0x0000000084c0b880,0x0000000089400000)
 Metaspace       used 8276K, capacity 8442K, committed 8704K, reserved 1056768K
  class space    used 904K, capacity 951K, committed 1024K, reserved 1048576K
Event: 2.339 GC heap after
Heap after GC invocations=7 (full 1):
 PSYoungGen      total 217600K, used 5104K [0x00000000d6c00000, 0x00000000e4c00000, 0x0000000100000000)
  eden space 212480K, 0% used [0x00000000d6c00000,0x00000000d6c00000,0x00000000e3b80000)
  from space 5120K, 99% used [0x00000000e4700000,0x00000000e4bfc250,0x00000000e4c00000)
  to   space 8192K, 0% used [0x00000000e3c00000,0x00000000e3c00000,0x00000000e4400000)
 ParOldGen       total 81920K, used 12175K [0x0000000084400000, 0x0000000089400000, 0x00000000d6c00000)
  object space 81920K, 14% used [0x0000000084400000,0x0000000084fe3f60,0x0000000089400000)
 Metaspace       used 8276K, capacity 8442K, committed 8704K, reserved 1056768K
  class space    used 904K, capacity 951K, committed 1024K, reserved 1048576K
}
Event: 2.658 GC heap before
{Heap before GC invocations=8 (full 1):
 PSYoungGen      total 217600K, used 217584K [0x00000000d6c00000, 0x00000000e4c00000, 0x0000000100000000)
  eden space 212480K, 100% used [0x00000000d6c00000,0x00000000e3b80000,0x00000000e3b80000)
  from space 5120K, 99% used [0x00000000e4700000,0x00000000e4bfc250,0x00000000e4c00000)
  to   space 8192K, 0% used [0x00000000e3c00000,0x00000000e3c00000,0x00000000e4400000)
 ParOldGen       total 81920K, used 12175K [0x0000000084400000, 0x0000000089400000, 0x00000000d6c00000)
  object space 81920K, 14% used [0x0000000084400000,0x0000000084fe3f60,0x0000000089400000)
 Metaspace       used 8302K, capacity 8442K, committed 8704K, reserved 1056768K
  class space    used 905K, capacity 951K, committed 1024K, reserved 1048576K
Event: 2.663 GC heap after
Heap after GC invocations=8 (full 1):
 PSYoungGen      total 221184K, used 8176K [0x00000000d6c00000, 0x00000000ed200000, 0x0000000100000000)
  eden space 212992K, 0% used [0x00000000d6c00000,0x00000000d6c00000,0x00000000e3c00000)
  from space 8192K, 99% used [0x00000000e3c00000,0x00000000e43fc250,0x00000000e4400000)
  to   space 10240K, 0% used [0x00000000ec800000,0x00000000ec800000,0x00000000ed200000)
 ParOldGen       total 81920K, used 13131K [0x0000000084400000, 0x0000000089400000, 0x00000000d6c00000)
  object space 81920K, 16% used [0x0000000084400000,0x00000000850d2c30,0x0000000089400000)
 Metaspace       used 8302K, capacity 8442K, committed 8704K, reserved 1056768K
  class space    used 905K, capacity 951K, committed 1024K, reserved 1048576K
}
Event: 2.907 GC heap before
{Heap before GC invocations=9 (full 1):
 PSYoungGen      total 221184K, used 221168K [0x00000000d6c00000, 0x00000000ed200000, 0x0000000100000000)
  eden space 212992K, 100% used [0x00000000d6c00000,0x00000000e3c00000,0x00000000e3c00000)
  from space 8192K, 99% used [0x00000000e3c00000,0x00000000e43fc250,0x00000000e4400000)
  to   space 10240K, 0% used [0x00000000ec800000,0x00000000ec800000,0x00000000ed200000)
 ParOldGen       total 81920K, used 13131K [0x0000000084400000, 0x0000000089400000, 0x00000000d6c00000)
  object space 81920K, 16% used [0x0000000084400000,0x00000000850d2c30,0x0000000089400000)
 Metaspace       used 8302K, capacity 8442K, committed 8704K, reserved 1056768K
  class space    used 905K, capacity 951K, committed 1024K, reserved 1048576K
Event: 2.911 GC heap after
Heap after GC invocations=9 (full 1):
 PSYoungGen      total 348160K, used 9152K [0x00000000d6c00000, 0x00000000ed100000, 0x0000000100000000)
  eden space 338944K, 0% used [0x00000000d6c00000,0x00000000d6c00000,0x00000000eb700000)
  from space 9216K, 99% used [0x00000000ec800000,0x00000000ed0f0260,0x00000000ed100000)
  to   space 11776K, 0% used [0x00000000eba00000,0x00000000eba00000,0x00000000ec580000)
 ParOldGen       total 81920K, used 13131K [0x0000000084400000, 0x0000000089400000, 0x00000000d6c00000)
  object space 81920K, 16% used [0x0000000084400000,0x00000000850d2c30,0x0000000089400000)
 Metaspace       used 8302K, capacity 8442K, committed 8704K, reserved 1056768K
  class space    used 905K, capacity 951K, committed 1024K, reserved 1048576K
}
Event: 3.359 GC heap before
{Heap before GC invocations=10 (full 1):
 PSYoungGen      total 348160K, used 348096K [0x00000000d6c00000, 0x00000000ed100000, 0x0000000100000000)
  eden space 338944K, 100% used [0x00000000d6c00000,0x00000000eb700000,0x00000000eb700000)
  from space 9216K, 99% used [0x00000000ec800000,0x00000000ed0f0260,0x00000000ed100000)
  to   space 11776K, 0% used [0x00000000eba00000,0x00000000eba00000,0x00000000ec580000)
 ParOldGen       total 81920K, used 13131K [0x0000000084400000, 0x0000000089400000, 0x00000000d6c00000)
  object space 81920K, 16% used [0x0000000084400000,0x00000000850d2c30,0x0000000089400000)
 Metaspace       used 8305K, capacity 8442K, committed 8704K, reserved 1056768K
  class space    used 905K, capacity 951K, committed 1024K, reserved 1048576K
Event: 3.366 GC heap after
Heap after GC invocations=10 (full 1):
 PSYoungGen      total 353792K, used 11776K [0x00000000d6c00000, 0x00000000f4400000, 0x0000000100000000)
  eden space 342016K, 0% used [0x00000000d6c00000,0x00000000d6c00000,0x00000000eba00000)
  from space 11776K, 100% used [0x00000000eba00000,0x00000000ec580000,0x00000000ec580000)
  to   space 15872K, 0% used [0x00000000f3480000,0x00000000f3480000,0x00000000f4400000)
 ParOldGen       total 81920K, used 18430K [0x0000000084400000, 0x0000000089400000, 0x00000000d6c00000)
  object space 81920K, 22% used [0x0000000084400000,0x00000000855ffbf0,0x0000000089400000)
 Metaspace       used 8305K, capacity 8442K, committed 8704K, reserved 1056768K
  class space    used 905K, capacity 951K, committed 1024K, reserved 1048576K
}
Event: 3.769 GC heap before
{Heap before GC invocations=11 (full 1):
 PSYoungGen      total 353792K, used 353792K [0x00000000d6c00000, 0x00000000f4400000, 0x0000000100000000)
  eden space 342016K, 100% used [0x00000000d6c00000,0x00000000eba00000,0x00000000eba00000)
  from space 11776K, 100% used [0x00000000eba00000,0x00000000ec580000,0x00000000ec580000)
  to   space 15872K, 0% used [0x00000000f3480000,0x00000000f3480000,0x00000000f4400000)
 ParOldGen       total 81920K, used 18430K [0x0000000084400000, 0x0000000089400000, 0x00000000d6c00000)
  object space 81920K, 22% used [0x0000000084400000,0x00000000855ffbf0,0x0000000089400000)
 Metaspace       used 8314K, capacity 8442K, committed 8704K, reserved 1056768K
  class space    used 905K, capacity 951K, committed 1024K, reserved 1048576K
Event: 3.779 GC heap after
Heap after GC invocations=11 (full 1):
 PSYoungGen      total 460800K, used 15872K [0x00000000d6c00000, 0x00000000f5200000, 0x0000000100000000)
  eden space 444928K, 0% used [0x00000000d6c00000,0x00000000d6c00000,0x00000000f1e80000)
  from space 15872K, 100% used [0x00000000f3480000,0x00000000f4400000,0x00000000f4400000)
  to   space 22528K, 0% used [0x00000000f1e80000,0x00000000f1e80000,0x00000000f3480000)
 ParOldGen       total 81920K, used 30142K [0x0000000084400000, 0x0000000089400000, 0x00000000d6c00000)
  object space 81920K, 36% used [0x0000000084400000,0x000000008616fa30,0x0000000089400000)
 Metaspace       used 8314K, capacity 8442K, committed 8704K, reserved 1056768K
  class space    used 905K, capacity 951K, committed 1024K, reserved 1048576K
}

Deoptimization events (7 events):
Event: 0.652 Thread 0x000000000228f800 Uncommon trap: reason=unloaded action=reinterpret pc=0x0000000002ad4d7c method=eu.cobwebproject.qa.automaticvalidation.BlurCheckAwt.getVariance(Ljava/awt/image/BufferedImage;)J @ 120
Event: 0.804 Thread 0x000000000228f800 Uncommon trap: reason=unreached action=reinterpret pc=0x0000000002adf448 method=eu.cobwebproject.qa.automaticvalidation.BlurCheckAwt.getVariance(Ljava/awt/image/BufferedImage;)J @ 191
Event: 2.267 Thread 0x000000000228f800 Uncommon trap: reason=array_check action=maybe_recompile pc=0x0000000002b8803c method=java.util.AbstractCollection.toArray([Ljava/lang/Object;)[Ljava/lang/Object; @ 119
Event: 2.267 Thread 0x000000000228f800 Uncommon trap: reason=array_check action=maybe_recompile pc=0x0000000002b84a30 method=java.util.AbstractCollection.toArray([Ljava/lang/Object;)[Ljava/lang/Object; @ 119
Event: 2.267 Thread 0x000000000228f800 Uncommon trap: reason=array_check action=maybe_recompile pc=0x0000000002b8803c method=java.util.AbstractCollection.toArray([Ljava/lang/Object;)[Ljava/lang/Object; @ 119
Event: 2.267 Thread 0x000000000228f800 Uncommon trap: reason=array_check action=maybe_recompile pc=0x0000000002b84a30 method=java.util.AbstractCollection.toArray([Ljava/lang/Object;)[Ljava/lang/Object; @ 119
Event: 2.268 Thread 0x000000000228f800 Uncommon trap: reason=array_check action=maybe_recompile pc=0x0000000002b8803c method=java.util.AbstractCollection.toArray([Ljava/lang/Object;)[Ljava/lang/Object; @ 119

Internal exceptions (10 events):
Event: 0.415 Thread 0x000000000228f800 Exception <a 'java/lang/NoSuchFieldError': method resolution failed> (0x00000000d72f1ad0) thrown at [D:\re\workspace\8-2-build-windows-amd64-cygwin\jdk8u25\1677\hotspot\src\share\vm\prims\methodHandles.cpp, line 1159]
Event: 0.417 Thread 0x000000000228f800 Exception <a 'java/lang/NoSuchFieldError': method resolution failed> (0x00000000d7300958) thrown at [D:\re\workspace\8-2-build-windows-amd64-cygwin\jdk8u25\1677\hotspot\src\share\vm\prims\methodHandles.cpp, line 1159]
Event: 0.419 Thread 0x000000000228f800 Exception <a 'java/lang/NoSuchFieldError': method resolution failed> (0x00000000d7303dd8) thrown at [D:\re\workspace\8-2-build-windows-amd64-cygwin\jdk8u25\1677\hotspot\src\share\vm\prims\methodHandles.cpp, line 1159]
Event: 0.490 Thread 0x000000000228f800 Exception <a 'java/io/FileNotFoundException'> (0x00000000d7555fa0) thrown at [D:\re\workspace\8-2-build-windows-amd64-cygwin\jdk8u25\1677\hotspot\src\share\vm\prims\jni.cpp, line 716]
Event: 0.678 Thread 0x000000000228f800 Exception <a 'java/security/PrivilegedActionException'> (0x00000000d7a6ec30) thrown at [D:\re\workspace\8-2-build-windows-amd64-cygwin\jdk8u25\1677\hotspot\src\share\vm\prims\jvm.cpp, line 1312]
Event: 2.090 Thread 0x000000000228f800 Exception <a 'java/security/PrivilegedActionException'> (0x00000000da5b2e18) thrown at [D:\re\workspace\8-2-build-windows-amd64-cygwin\jdk8u25\1677\hotspot\src\share\vm\prims\jvm.cpp, line 1312]
Event: 2.091 Thread 0x000000000228f800 Exception <a 'java/security/PrivilegedActionException'> (0x00000000da5b9b10) thrown at [D:\re\workspace\8-2-build-windows-amd64-cygwin\jdk8u25\1677\hotspot\src\share\vm\prims\jvm.cpp, line 1312]
Event: 2.095 Thread 0x000000000228f800 Exception <a 'java/security/PrivilegedActionException'> (0x00000000da5c20b8) thrown at [D:\re\workspace\8-2-build-windows-amd64-cygwin\jdk8u25\1677\hotspot\src\share\vm\prims\jvm.cpp, line 1312]
Event: 2.100 Thread 0x000000000228f800 Exception <a 'java/security/PrivilegedActionException'> (0x00000000da8a52e8) thrown at [D:\re\workspace\8-2-build-windows-amd64-cygwin\jdk8u25\1677\hotspot\src\share\vm\prims\jvm.cpp, line 1312]
Event: 2.463 Thread 0x000000000228f800 Exception <a 'java/security/PrivilegedActionException'> (0x00000000db3f9998) thrown at [D:\re\workspace\8-2-build-windows-amd64-cygwin\jdk8u25\1677\hotspot\src\share\vm\prims\jvm.cpp, line 1312]

Events (10 events):
Event: 2.471 Thread 0x000000000228f800 DEOPT PACKING pc=0x0000000002b67c91 sp=0x000000000259e770
Event: 2.471 Thread 0x000000000228f800 DEOPT UNPACKING pc=0x00000000028b75bf sp=0x000000000259e4d0 mode 0
Event: 2.658 Executing VM operation: ParallelGCFailedAllocation
Event: 2.663 Executing VM operation: ParallelGCFailedAllocation done
Event: 2.907 Executing VM operation: ParallelGCFailedAllocation
Event: 2.911 Executing VM operation: ParallelGCFailedAllocation done
Event: 3.359 Executing VM operation: ParallelGCFailedAllocation
Event: 3.366 Executing VM operation: ParallelGCFailedAllocation done
Event: 3.769 Executing VM operation: ParallelGCFailedAllocation
Event: 3.779 Executing VM operation: ParallelGCFailedAllocation done


Dynamic libraries:
0x000000013ff50000 - 0x000000013ff84000 	C:\Program Files\Java\jdk1.8.0_25\bin\javaw.exe
0x0000000076e70000 - 0x000000007701a000 	C:\WINDOWS\SYSTEM32\ntdll.dll
0x0000000076d50000 - 0x0000000076e6f000 	C:\WINDOWS\system32\kernel32.dll
0x000007fefcf40000 - 0x000007fefcfab000 	C:\WINDOWS\system32\KERNELBASE.dll
0x000007fefd320000 - 0x000007fefd3fb000 	C:\WINDOWS\system32\ADVAPI32.dll
0x000007fefd140000 - 0x000007fefd1df000 	C:\WINDOWS\system32\msvcrt.dll
0x000007fefe860000 - 0x000007fefe87f000 	C:\WINDOWS\SYSTEM32\sechost.dll
0x000007fefd1e0000 - 0x000007fefd30d000 	C:\WINDOWS\system32\RPCRT4.dll
0x0000000076c50000 - 0x0000000076d4a000 	C:\WINDOWS\system32\USER32.dll
0x000007feff110000 - 0x000007feff177000 	C:\WINDOWS\system32\GDI32.dll
0x000007fefd310000 - 0x000007fefd31e000 	C:\WINDOWS\system32\LPK.dll
0x000007fefef00000 - 0x000007fefefca000 	C:\WINDOWS\system32\USP10.dll
0x000007fefb060000 - 0x000007fefb254000 	C:\WINDOWS\WinSxS\amd64_microsoft.windows.common-controls_6595b64144ccf1df_6.0.7601.18837_none_fa3b1e3d17594757\COMCTL32.dll
0x000007fefd480000 - 0x000007fefd4f1000 	C:\WINDOWS\system32\SHLWAPI.dll
0x000007fefefd0000 - 0x000007fefeffe000 	C:\WINDOWS\system32\IMM32.DLL
0x000007feff000000 - 0x000007feff109000 	C:\WINDOWS\system32\MSCTF.dll
0x0000000074950000 - 0x0000000074989000 	C:\PROGRA~2\Sophos\SOPHOS~1\SOPHOS~2.DLL
0x0000000077030000 - 0x0000000077037000 	C:\WINDOWS\system32\PSAPI.DLL
0x0000000071860000 - 0x0000000071932000 	C:\Program Files\Java\jdk1.8.0_25\jre\bin\msvcr100.dll
0x0000000066ab0000 - 0x000000006730a000 	C:\Program Files\Java\jdk1.8.0_25\jre\bin\server\jvm.dll
0x000007fef6e80000 - 0x000007fef6e89000 	C:\WINDOWS\system32\WSOCK32.dll
0x000007fefe810000 - 0x000007fefe85d000 	C:\WINDOWS\system32\WS2_32.dll
0x000007fefd990000 - 0x000007fefd998000 	C:\WINDOWS\system32\NSI.dll
0x000007fefa8f0000 - 0x000007fefa92b000 	C:\WINDOWS\system32\WINMM.dll
0x0000000072320000 - 0x000000007232f000 	C:\Program Files\Java\jdk1.8.0_25\jre\bin\verify.dll
0x00000000722d0000 - 0x00000000722f8000 	C:\Program Files\Java\jdk1.8.0_25\jre\bin\java.dll
0x00000000722b0000 - 0x00000000722c6000 	C:\Program Files\Java\jdk1.8.0_25\jre\bin\zip.dll
0x000007fefda80000 - 0x000007fefe80a000 	C:\WINDOWS\system32\SHELL32.dll
0x000007fefd780000 - 0x000007fefd983000 	C:\WINDOWS\system32\ole32.dll
0x000007fefcbf0000 - 0x000007fefcbff000 	C:\WINDOWS\system32\profapi.dll
0x0000000072290000 - 0x00000000722aa000 	C:\Program Files\Java\jdk1.8.0_25\jre\bin\net.dll
0x000007fefbd30000 - 0x000007fefbd5f000 	C:\ProgramData\Sophos\Web Intelligence\swi_ifslsp_64.dll
0x000007fefbd20000 - 0x000007fefbd2c000 	C:\WINDOWS\system32\VERSION.dll
0x000007fefc3d0000 - 0x000007fefc425000 	C:\WINDOWS\system32\mswsock.dll
0x000007fefc3c0000 - 0x000007fefc3c7000 	C:\WINDOWS\System32\wship6.dll
0x000000005cdc0000 - 0x000000005cf58000 	C:\Program Files\Java\jdk1.8.0_25\jre\bin\awt.dll
0x000007fefd9a0000 - 0x000007fefda78000 	C:\WINDOWS\system32\OLEAUT32.dll
0x000000006d7f0000 - 0x000000006d821000 	C:\Program Files\Java\jdk1.8.0_25\jre\bin\jpeg.dll
0x000007fefa840000 - 0x000007fefa858000 	C:\WINDOWS\system32\DWMAPI.DLL
0x00000000605f0000 - 0x0000000060692000 	C:\Program Files\Java\jdk1.8.0_25\jre\bin\mlib_image.dll
0x000000006d7b0000 - 0x000000006d7ec000 	C:\Program Files\Java\jdk1.8.0_25\jre\bin\lcms.dll
0x000007fee22b0000 - 0x000007fee23d5000 	C:\WINDOWS\system32\dbghelp.dll

VM Arguments:
jvm_args: -Dfile.encoding=Cp1252 
java_command: org.eclipse.jdt.internal.junit.runner.RemoteTestRunner -version 3 -port 59731 -testLoaderClass org.eclipse.jdt.internal.junit4.runner.JUnit4TestLoader -loaderpluginname org.eclipse.jdt.junit4.runtime -testNameFile C:\Users\ezzjfr\AppData\Local\Temp\testNames1273634312041843069.txt
java_class_path (initial): C:\jbpm-installer\workspace\cobweb-qa\bin;C:\Users\ezzjfr\.gradle\caches\modules-2\files-2.1\com.googlecode.efficient-java-matrix-library\core\0.26\2df89c44ad92900f025a61e228bbbcd6abca3efd\core-0.26.jar;C:\Users\ezzjfr\.gradle\caches\modules-2\files-2.1\com.googlecode.json-simple\json-simple\1.1\5e303a03d04e6788dddfa3655272580ae0fc13bb\json-simple-1.1.jar;C:\Users\ezzjfr\.gradle\caches\modules-2\files-2.1\com.vividsolutions\jts\1.13\3ccfb9b60f04d71add996a666ceb8902904fd805\jts-1.13.jar;C:\Users\ezzjfr\.gradle\caches\modules-2\files-2.1\commons-lang\commons-lang\2.6\ce1edb914c94ebc388f086c6827e8bdeec71ac2\commons-lang-2.6.jar;C:\Users\ezzjfr\.gradle\caches\modules-2\files-2.1\commons-pool\commons-pool\1.5.4\75b6e20c596ed2945a259cea26d7fadd298398e6\commons-pool-1.5.4.jar;C:\Users\ezzjfr\.gradle\caches\modules-2\files-2.1\javax.media\jai_core\1.1.3\b179d2efb1174658483e8b41bf4ac9d2eb5de438\jai_core-1.1.3.jar;C:\Users\ezzjfr\.gradle\caches\modules-2\files-2.1\jgridshift\jgridshift\1.0\82c163e82b1548c93a9e866dcfd24c66c590a829\jgridshift-1.0.jar;C:\Users\ezzjfr\.gradle\caches\modules-2\files-2.1\junit\junit\4.12\2973d150c0dc1fefe998f834810d68f278ea58ec\junit-4.12.jar;C:\Users\ezzjfr\.gradle\caches\modules-2\files-2.1\net.java.dev.jsr-275\jsr-275\1.0-beta-2\7bdd90125e67cd38bee363208e32993c0c75e9be\jsr-275-1.0-beta-2.jar;C:\Users\ezzjfr\.gradle\caches\modules-2\files-2.1\net.sf.geographiclib\GeographicLib-Java\1.44\7e18468fafefedd5d1934ea830c1c9683ffd0632\GeographicLib-Java-1.44.jar;C:\Users\ezzjfr\.gradle\caches\modules-2\files-2.1\org.geotools\gt-api\14.0\a4c87e2d6a598eebeca554305a704a990b7ffdfc\gt-api-14.0.jar;C:\Users\ezzjfr\.gradle\caches\modules-2\files-2.1\org.geotools\gt-geojson\14.0\1f6693b3b8cc3a2f70bd44fbf3d491d87180ad34\gt-geojson-14.0.jar;C:\Users\ezzjfr\.gradle\caches\modules-2\files-2.1\org.geotools\gt-main\14.0\c1997f973ea60e33ee200db6657caf132d86393e\gt-main-14.0.jar;C:\Users\ezzjfr\.gradle\caches\modules-2\files-2.1\org.geotools
Launcher Type: SUN_STANDARD

Environment Variables:
JAVA_HOME=C:\Program Files\Java\jdk1.8.0_25
JRE_HOME=C:\Program Files\Java\jre1.8.0_51
PATH=C:/Program Files/Java/jre1.8.0_51/bin/server;C:/Program Files/Java/jre1.8.0_51/bin;C:/Program Files/Java/jre1.8.0_51/lib/amd64;C:\gradle-2.10\bin;C:\Program Files\Common Files\Microsoft Shared\Windows Live;C:\Program Files (x86)\Common Files\Microsoft Shared\Windows Live;C:\Python27\;C:\Python27\Scripts;C:\ProgramData\Oracle\Java\javapath;C:\WINDOWS\system32;C:\WINDOWS;C:\WINDOWS\System32\Wbem;C:\WINDOWS\System32\WindowsPowerShell\v1.0\;C:\WINDOWS\System32\WindowsPowerShell\v1.0\;C:\Program Files (x86)\Enterprise Vault\EVClient\x64\;C:\Program Files\MATLAB\R2014a\bin;C:\osm2pgsql\x64;C:\apache-ant-1.9.4\bin;C:\Program Files\Java\jdk1.8.0_25\bin;C:\Python25;C:\Program Files (x86)\Windows Live\Shared;C:\Program Files\Intel\WiFi\bin\;C:\Program Files\Common Files\Intel\WirelessCommon\;C:\Program Files\Microsoft\Web Platform Installer\;C:\Program Files (x86)\Git\bin;C:\Program Files\nodejs\;C:\Program Files\Intel\WiFi\bin\;C:\Program Files\Common Files\Intel\WirelessCommon\;C:\Users\ezzjfr\AppData\Roaming\npm;C:\jbpm-installer;
USERNAME=ezzjfr
OS=Windows_NT
PROCESSOR_IDENTIFIER=Intel64 Family 6 Model 60 Stepping 3, GenuineIntel



---------------  S Y S T E M  ---------------

OS: Windows 7 , 64 bit Build 7601 Service Pack 1

CPU:total 4 (2 cores per cpu, 2 threads per core) family 6 model 60 stepping 3, cmov, cx8, fxsr, mmx, sse, sse2, sse3, ssse3, sse4.1, sse4.2, popcnt, avx, avx2, clmul, erms, lzcnt, ht, tsc, tscinvbit, bmi1, bmi2

Memory: 4k page, physical 8102820k(306840k free), swap 9709496k(5032k free)

vm_info: Java HotSpot(TM) 64-Bit Server VM (25.25-b02) for windows-amd64 JRE (1.8.0_25-b18), built on Oct  7 2014 14:25:37 by "java_re" with MS VC++ 10.0 (VS2010)

time: Thu Jul 28 17:25:34 2016
elapsed time: 4 seconds (0d 0h 0m 4s)

